MPASM 5.81              NEWPIC_8B_SIMPLE.ASM   9-2-2018  21:27:37         PAGE  1


LOC  OBJECT CODE     LINE SOURCE TEXT
  VALUE

                      00001 ; TODO INSERT CONFIG CODE HERE USING CONFIG BITS GENERATOR
                      00002 
                      00003 RES_VECT  CODE    0x0000            ; processor reset vector
000000 EF?? F???      00004     GOTO    START                   ; go to beginning of program
                      00005 
                      00006 ; TODO ADD INTERRUPTS HERE IF USED
                      00007 
                      00008 MAIN_PROG CODE                      ; let linker place main program
                      00009 
000000                00010 START
                      00011 
000000 EF?? F???      00012     GOTO $                          ; loop forever
                      00013 
                      00014     END
MPASM 5.81              NEWPIC_8B_SIMPLE.ASM   9-2-2018  21:27:37         PAGE  2


SYMBOL TABLE
  LABEL                             VALUE 

START                             00000000
_MAIN_PROG_0000                   00000000
__18F4550                         00000001

Errors   :     0
Warnings :     0 reported,     0 suppressed
Messages :     0 reported,     0 suppressed

